<?xml version="1.0" encoding="UTF-8"?>
<!-- Generated by org.testng.reporters.JUnitReportReporter -->
<testsuite hostname="Kumararaja" failures="0" tests="1" name="api.utils.ReadProperties" time="0.042" errors="0" timestamp="2025-04-02T18:38:30 IST" skipped="0">
  <testcase classname="api.utils.ReadProperties" name="getProperties" time="0.042"/>
</testsuite> <!-- api.utils.ReadProperties -->
