<?xml version="1.0" encoding="UTF-8"?>
<!-- Generated by org.testng.reporters.JUnitReportReporter -->
<testsuite hostname="Kumararaja" failures="0" tests="5" name="api.test.UserTestsWithProperties" time="15.949" errors="0" timestamp="2025-04-03T09:15:34 IST" skipped="0">
  <testcase classname="api.test.UserTestsWithProperties" name="createUserTest" time="3.197"/>
  <testcase classname="api.test.UserTestsWithProperties" name="getUserTest" time="3.236"/>
  <testcase classname="api.test.UserTestsWithProperties" name="updateUserTest" time="3.122"/>
  <testcase classname="api.test.UserTestsWithProperties" name="getUserTest1" time="3.206"/>
  <testcase classname="api.test.UserTestsWithProperties" name="deleteUserTest" time="3.188"/>
</testsuite> <!-- api.test.UserTestsWithProperties -->
